{"name": "test_mult[小数]", "status": "failed", "statusDetails": {"message": "AssertionError: assert 0.2 == 2\n  +0.2\n  -2", "trace": "self = <testcases.test_func.Test_Pytest object at 0x107011710>\nfixture_func = <pyCode.calc.Calculator object at 0x106fec160>, a = 0.4, b = 0.5\nresult = 2\n\n    @pytest.mark.run(order=3)\n    @pytest.mark.parametrize('a,b,result', multdatas, ids=multids)\n    @pytest.mark.dependency()\n    @allure.feature('乘法测试')\n    def test_mult(self, fixture_func, a, b, result):\n>       assert fixture_func.mult(a, b) == result\nE       assert 0.2 == 2\nE         +0.2\nE         -2\n\ntest_func.py:46: AssertionError"}, "parameters": [{"name": "a", "value": "0.4"}, {"name": "b", "value": "0.5"}, {"name": "result", "value": "2"}], "start": 1594699945391, "stop": 1594699945392, "uuid": "e427bfc9-17f7-4104-9557-12c70d419bcd", "historyId": "3475c8dd5cd921ccceb5dfd7af2b624e", "testCaseId": "f23b8f69bb19ec69f89b4ceb1ecccfec", "fullName": "testcases.test_func.Test_Pytest#test_mult", "labels": [{"name": "feature", "value": "乘法测试"}, {"name": "tag", "value": "run(order=3)"}, {"name": "tag", "value": "dependency"}, {"name": "parentSuite", "value": "testcases"}, {"name": "suite", "value": "test_func"}, {"name": "subSuite", "value": "Test_Pytest"}, {"name": "host", "value": "bogon"}, {"name": "thread", "value": "62509-MainThread"}, {"name": "framework", "value": "pytest"}, {"name": "language", "value": "cpython3"}, {"name": "package", "value": "testcases.test_func"}]}