{"name": "test_sub[负数]", "status": "failed", "statusDetails": {"message": "AssertionError: assert -7 == -3\n  +-7\n  --3", "trace": "self = <testcases.test_func.Test_Pytest object at 0x107378278>\nfixture_func = <pyCode.calc.Calculator object at 0x107378828>\nparam1 = [-2, 5, -3]\n\n    @allure.feature('减法测试')\n    def test_sub(self, fixture_func, param1):\n>       assert fixture_func.sub(param1[0], param1[1]) == param1[2]\nE       assert -7 == -3\nE         +-7\nE         --3\n\ntest_func.py:47: AssertionError"}, "parameters": [{"name": "param1", "value": "[-2, 5, -3]"}], "start": 1595492539689, "stop": 1595492539690, "uuid": "7b9c5ed9-2ecc-4e95-9463-cff32ba5c549", "historyId": "5c338e62812cae5e685fd24591cb4223", "testCaseId": "7cc8d68fa89e0983cb04154598068833", "fullName": "testcases.test_func.Test_Pytest#test_sub", "labels": [{"name": "feature", "value": "减法测试"}, {"name": "parentSuite", "value": "testcases"}, {"name": "suite", "value": "test_func"}, {"name": "subSuite", "value": "Test_Pytest"}, {"name": "host", "value": "bogon"}, {"name": "thread", "value": "13454-MainThread"}, {"name": "framework", "value": "pytest"}, {"name": "language", "value": "cpython3"}, {"name": "package", "value": "testcases.test_func"}]}