{"name": "test_mult[小数]", "status": "failed", "statusDetails": {"message": "AssertionError: assert 0.2 == 2\n  +0.2\n  -2", "trace": "self = <testcases.test_func.Test_Pytest object at 0x1074159e8>\nfixture_func = <pyCode.calc.Calculator object at 0x107415cc0>\nparam1 = [0.4, 0.5, 2]\n\n    @allure.feature('乘法测试')\n    def test_mult(self, fixture_func, param1):\n>       assert fixture_func.mult(param1[0], param1[1]) == param1[2]\nE       assert 0.2 == 2\nE         +0.2\nE         -2\n\ntest_func.py:33: AssertionError"}, "parameters": [{"name": "param1", "value": "[0.4, 0.5, 2]"}], "start": 1595492539809, "stop": 1595492539810, "uuid": "6a40d046-6480-431e-a889-35a9f96053b7", "historyId": "3475c8dd5cd921ccceb5dfd7af2b624e", "testCaseId": "f23b8f69bb19ec69f89b4ceb1ecccfec", "fullName": "testcases.test_func.Test_Pytest#test_mult", "labels": [{"name": "feature", "value": "乘法测试"}, {"name": "parentSuite", "value": "testcases"}, {"name": "suite", "value": "test_func"}, {"name": "subSuite", "value": "Test_Pytest"}, {"name": "host", "value": "bogon"}, {"name": "thread", "value": "13454-MainThread"}, {"name": "framework", "value": "pytest"}, {"name": "language", "value": "cpython3"}, {"name": "package", "value": "testcases.test_func"}]}