{"name": "test_sub[小数]", "status": "failed", "statusDetails": {"message": "AssertionError: assert 0.30000000000000004 == 0.3\n  +0.30000000000000004\n  -0.3", "trace": "self = <testcases.test_func.Test_Pytest object at 0x10735d898>\nfixture_func = <pyCode.calc.Calculator object at 0x10735d358>\nparam1 = [0.8, 0.5, 0.3]\n\n    @allure.feature('减法测试')\n    def test_sub(self, fixture_func, param1):\n>       assert fixture_func.sub(param1[0], param1[1]) == param1[2]\nE       assert 0.30000000000000004 == 0.3\nE         +0.30000000000000004\nE         -0.3\n\ntest_func.py:47: AssertionError"}, "parameters": [{"name": "param1", "value": "[0.8, 0.5, 0.3]"}], "start": 1595492539747, "stop": 1595492539747, "uuid": "d9bb0b96-ee94-438b-8c84-4db044d9dc10", "historyId": "e9f28c7b5169d2d9726c3d992a218aff", "testCaseId": "7cc8d68fa89e0983cb04154598068833", "fullName": "testcases.test_func.Test_Pytest#test_sub", "labels": [{"name": "feature", "value": "减法测试"}, {"name": "parentSuite", "value": "testcases"}, {"name": "suite", "value": "test_func"}, {"name": "subSuite", "value": "Test_Pytest"}, {"name": "host", "value": "bogon"}, {"name": "thread", "value": "13454-MainThread"}, {"name": "framework", "value": "pytest"}, {"name": "language", "value": "cpython3"}, {"name": "package", "value": "testcases.test_func"}]}