{"name": "test_mult[小数]", "status": "failed", "statusDetails": {"message": "AssertionError: assert 0.2 == 2\n  +0.2\n  -2", "trace": "self = <testcases.test_func.Test_Pytest object at 0x1072f10f0>\nfixture_func = <pyCode.calc.Calculator object at 0x1072f1da0>, a = 0.4, b = 0.5\nresult = 2\n\n    @pytest.mark.run(order=3)\n    @pytest.mark.parametrize('a,b,result', multdatas, ids=multids)\n    @allure.feature('乘法测试')\n    def test_mult(self, fixture_func, a, b, result):\n>       assert fixture_func.mult(a, b) == result\nE       assert 0.2 == 2\nE         +0.2\nE         -2\n\ntest_func.py:45: AssertionError"}, "parameters": [{"name": "a", "value": "0.4"}, {"name": "b", "value": "0.5"}, {"name": "result", "value": "2"}], "start": 1594620461195, "stop": 1594620461196, "uuid": "722f104d-a007-49c0-91c9-2be31562da6b", "historyId": "3475c8dd5cd921ccceb5dfd7af2b624e", "testCaseId": "f23b8f69bb19ec69f89b4ceb1ecccfec", "fullName": "testcases.test_func.Test_Pytest#test_mult", "labels": [{"name": "feature", "value": "乘法测试"}, {"name": "tag", "value": "run(order=3)"}, {"name": "parentSuite", "value": "testcases"}, {"name": "suite", "value": "test_func"}, {"name": "subSuite", "value": "Test_Pytest"}, {"name": "host", "value": "bogon"}, {"name": "thread", "value": "58355-MainThread"}, {"name": "framework", "value": "pytest"}, {"name": "language", "value": "cpython3"}, {"name": "package", "value": "testcases.test_func"}]}