{"name": "test_sub[14-8-9]", "status": "failed", "statusDetails": {"message": "AssertionError: assert 6 == 9\n  +6\n  -9", "trace": "self = <testcases.test_func.Test_Pytest object at 0x10667e5f8>, fixture_func = <pyCode.calc.Calculator object at 0x10665d128>, a = 14, b = 8, result = 9\n\n    @pytest.mark.parametrize('a,b,result', test_data[1])\n    @allure.feature('减法测试')\n    def test_sub(self, fixture_func, a, b, result):\n>       assert fixture_func.sub(a, b) == result\nE       assert 6 == 9\nE         +6\nE         -9\n\ntestcases/test_func.py:19: AssertionError"}, "attachments": [{"name": "stdout", "source": "0e558f4b-a042-4368-8192-53a471d15086-attachment.txt", "type": "text/plain"}], "parameters": [{"name": "a", "value": "14"}, {"name": "b", "value": "8"}, {"name": "result", "value": "9"}], "start": 1594373023527, "stop": 1594373023527, "uuid": "605279ec-8c21-465e-8a03-dfcd9c878aa6", "historyId": "51cb5cf5939c362e2505d0e166dc1ece", "testCaseId": "7cc8d68fa89e0983cb04154598068833", "fullName": "testcases.test_func.Test_Pytest#test_sub", "labels": [{"name": "feature", "value": "减法测试"}, {"name": "parentSuite", "value": "testcases"}, {"name": "suite", "value": "test_func"}, {"name": "subSuite", "value": "Test_Pytest"}, {"name": "host", "value": "localhost"}, {"name": "thread", "value": "51782-MainThread"}, {"name": "framework", "value": "pytest"}, {"name": "language", "value": "cpython3"}, {"name": "package", "value": "testcases.test_func"}]}