{"name": "test_add[4-8-9]", "status": "failed", "statusDetails": {"message": "AssertionError: assert 12 == 9\n  +12\n  -9", "trace": "self = <testcases.test_func.Test_Pytest object at 0x106657908>, fixture_func = <pyCode.calc.Calculator object at 0x106657c18>, a = 4, b = 8, result = 9\n\n    @pytest.mark.parametrize('a,b,result', test_data[0])\n    @allure.feature('加法测试')\n    def test_add(self, fixture_func, a, b, result):\n>       assert fixture_func.add(a, b) == result\nE       assert 12 == 9\nE         +12\nE         -9\n\ntestcases/test_func.py:14: AssertionError"}, "attachments": [{"name": "stdout", "source": "d5e8c093-dc63-4304-85b4-4d374f05479b-attachment.txt", "type": "text/plain"}], "parameters": [{"name": "a", "value": "4"}, {"name": "b", "value": "8"}, {"name": "result", "value": "9"}], "start": 1594373023468, "stop": 1594373023469, "uuid": "3f780536-2b80-464c-835b-d96e1c73244c", "historyId": "8cc8578512410beb269300d7f1700470", "testCaseId": "9954af4c850efe74843731f91ac39489", "fullName": "testcases.test_func.Test_Pytest#test_add", "labels": [{"name": "feature", "value": "加法测试"}, {"name": "parentSuite", "value": "testcases"}, {"name": "suite", "value": "test_func"}, {"name": "subSuite", "value": "Test_Pytest"}, {"name": "host", "value": "localhost"}, {"name": "thread", "value": "51782-MainThread"}, {"name": "framework", "value": "pytest"}, {"name": "language", "value": "cpython3"}, {"name": "package", "value": "testcases.test_func"}]}