{"name": "test_sub[14-8-9]", "status": "failed", "statusDetails": {"message": "AssertionError: assert 6 == 9\n  +6\n  -9", "trace": "self = <testcases.test_func.Test_Pytest object at 0x104fb6da0>, fixture_func = <pyCode.calc.Calculator object at 0x104fb6e10>, a = 14, b = 8, result = 9\n\n    @pytest.mark.parametrize('a,b,result', test_data[1])\n    @allure.feature('减法测试')\n    def test_sub(self, fixture_func, a, b, result):\n>       assert fixture_func.sub(a, b) == result\nE       assert 6 == 9\nE         +6\nE         -9\n\ntestcases/test_func.py:19: AssertionError"}, "parameters": [{"name": "a", "value": "14"}, {"name": "b", "value": "8"}, {"name": "result", "value": "9"}], "start": 1594609915134, "stop": 1594609915134, "uuid": "86abcea6-c6ff-40e9-848c-e3996d78bfb9", "historyId": "51cb5cf5939c362e2505d0e166dc1ece", "testCaseId": "7cc8d68fa89e0983cb04154598068833", "fullName": "testcases.test_func.Test_Pytest#test_sub", "labels": [{"name": "feature", "value": "减法测试"}, {"name": "parentSuite", "value": "testcases"}, {"name": "suite", "value": "test_func"}, {"name": "subSuite", "value": "Test_Pytest"}, {"name": "host", "value": "bogon"}, {"name": "thread", "value": "56277-MainThread"}, {"name": "framework", "value": "pytest"}, {"name": "language", "value": "cpython3"}, {"name": "package", "value": "testcases.test_func"}]}