{"name": "test_add[4-8-9]", "status": "failed", "statusDetails": {"message": "AssertionError: assert 12 == 9\n  +12\n  -9", "trace": "self = <testcases.test_func.Test_Pytest object at 0x10687eda0>, fixture_func = <pyCode.calc.Calculator object at 0x10687ae48>, a = 4, b = 8, result = 9\n\n    @pytest.mark.parametrize('a,b,result', test_data[0])\n    @allure.feature('加法测试')\n    def test_add(self, fixture_func, a, b, result):\n>       assert fixture_func.add(a, b) == result\nE       assert 12 == 9\nE         +12\nE         -9\n\ntestcases/test_func.py:14: AssertionError"}, "parameters": [{"name": "a", "value": "4"}, {"name": "b", "value": "8"}, {"name": "result", "value": "9"}], "start": 1594609992044, "stop": 1594609992044, "uuid": "a361c5d9-22e8-469d-984e-778a980f3b46", "historyId": "8cc8578512410beb269300d7f1700470", "testCaseId": "9954af4c850efe74843731f91ac39489", "fullName": "testcases.test_func.Test_Pytest#test_add", "labels": [{"name": "feature", "value": "加法测试"}, {"name": "parentSuite", "value": "testcases"}, {"name": "suite", "value": "test_func"}, {"name": "subSuite", "value": "Test_Pytest"}, {"name": "host", "value": "bogon"}, {"name": "thread", "value": "56325-MainThread"}, {"name": "framework", "value": "pytest"}, {"name": "language", "value": "cpython3"}, {"name": "package", "value": "testcases.test_func"}]}