{
  "uid" : "ca56430c5e4f231a",
  "name" : "test_mult[4-8-30]",
  "fullName" : "testcases.test_func.Test_Pytest#test_mult",
  "historyId" : "56844e06e015eacf8bbb7d6cef1d87e5",
  "time" : {
    "start" : 1594373023561,
    "stop" : 1594373023561,
    "duration" : 0
  },
  "status" : "failed",
  "statusMessage" : "AssertionError: assert 32 == 30\n  +32\n  -30",
  "statusTrace" : "self = <testcases.test_func.Test_Pytest object at 0x106661c88>, fixture_func = <pyCode.calc.Calculator object at 0x106661550>, a = 4, b = 8, result = 30\n\n    @pytest.mark.parametrize('a,b,result', test_data[2])\n    @allure.feature('乘法测试')\n    def test_mult(self, fixture_func, a, b, result):\n>       assert fixture_func.mult(a, b) == result\nE       assert 32 == 30\nE         +32\nE         -30\n\ntestcases/test_func.py:24: AssertionError",
  "flaky" : false,
  "newFailed" : false,
  "beforeStages" : [ {
    "name" : "cal_demo",
    "time" : {
      "start" : 1594373023559,
      "stop" : 1594373023559,
      "duration" : 0
    },
    "status" : "passed",
    "steps" : [ ],
    "attachments" : [ ],
    "parameters" : [ ],
    "stepsCount" : 0,
    "attachmentsCount" : 0,
    "shouldDisplayMessage" : false,
    "hasContent" : false
  }, {
    "name" : "fixture_func",
    "time" : {
      "start" : 1594373023559,
      "stop" : 1594373023560,
      "duration" : 1
    },
    "status" : "passed",
    "steps" : [ ],
    "attachments" : [ ],
    "parameters" : [ ],
    "stepsCount" : 0,
    "attachmentsCount" : 0,
    "shouldDisplayMessage" : false,
    "hasContent" : false
  } ],
  "testStage" : {
    "status" : "failed",
    "statusMessage" : "AssertionError: assert 32 == 30\n  +32\n  -30",
    "statusTrace" : "self = <testcases.test_func.Test_Pytest object at 0x106661c88>, fixture_func = <pyCode.calc.Calculator object at 0x106661550>, a = 4, b = 8, result = 30\n\n    @pytest.mark.parametrize('a,b,result', test_data[2])\n    @allure.feature('乘法测试')\n    def test_mult(self, fixture_func, a, b, result):\n>       assert fixture_func.mult(a, b) == result\nE       assert 32 == 30\nE         +32\nE         -30\n\ntestcases/test_func.py:24: AssertionError",
    "steps" : [ ],
    "attachments" : [ {
      "uid" : "7cc280d0150f46c1",
      "name" : "stdout",
      "source" : "7cc280d0150f46c1.txt",
      "type" : "text/plain",
      "size" : 26
    } ],
    "parameters" : [ ],
    "stepsCount" : 0,
    "attachmentsCount" : 1,
    "shouldDisplayMessage" : true,
    "hasContent" : true
  },
  "afterStages" : [ {
    "name" : "fixture_func::0",
    "time" : {
      "start" : 1594373023570,
      "stop" : 1594373023571,
      "duration" : 1
    },
    "status" : "passed",
    "steps" : [ ],
    "attachments" : [ ],
    "parameters" : [ ],
    "stepsCount" : 0,
    "attachmentsCount" : 0,
    "shouldDisplayMessage" : false,
    "hasContent" : false
  } ],
  "labels" : [ {
    "name" : "feature",
    "value" : "乘法测试"
  }, {
    "name" : "parentSuite",
    "value" : "testcases"
  }, {
    "name" : "suite",
    "value" : "test_func"
  }, {
    "name" : "subSuite",
    "value" : "Test_Pytest"
  }, {
    "name" : "host",
    "value" : "localhost"
  }, {
    "name" : "thread",
    "value" : "51782-MainThread"
  }, {
    "name" : "framework",
    "value" : "pytest"
  }, {
    "name" : "language",
    "value" : "cpython3"
  }, {
    "name" : "package",
    "value" : "testcases.test_func"
  }, {
    "name" : "resultFormat",
    "value" : "allure2"
  } ],
  "parameters" : [ {
    "name" : "a",
    "value" : "4"
  }, {
    "name" : "b",
    "value" : "8"
  }, {
    "name" : "result",
    "value" : "30"
  } ],
  "links" : [ ],
  "hidden" : false,
  "retry" : false,
  "extra" : {
    "severity" : "normal",
    "retries" : [ ],
    "categories" : [ {
      "name" : "Product defects",
      "matchedStatuses" : [ ],
      "flaky" : false
    } ],
    "tags" : [ ]
  },
  "source" : "ca56430c5e4f231a.json",
  "parameterValues" : [ "4", "8", "30" ]
}