{
  "uid" : "cbcc25f7214113cd",
  "name" : "test_sub[14-8-9]",
  "fullName" : "testcases.test_func.Test_Pytest#test_sub",
  "historyId" : "51cb5cf5939c362e2505d0e166dc1ece",
  "time" : {
    "start" : 1594353369406,
    "stop" : 1594353369406,
    "duration" : 0
  },
  "status" : "failed",
  "statusMessage" : "AssertionError: assert 6 == 9\n +  where 6 = <bound method Calculator.sub of <pyCode.calc.Calculator object at 0x107082518>>(14, 8)\n +    where <bound method Calculator.sub of <pyCode.calc.Calculator object at 0x107082518>> = <pyCode.calc.Calculator object at 0x107082518>.sub",
  "statusTrace" : "self = <testcases.test_func.Test_Pytest object at 0x107068d68>, cal_demo = <pyCode.calc.Calculator object at 0x107082518>, a = 14, b = 8, result = 9\n\n    @pytest.mark.parametrize('a,b,result', [(10, 1, 9), (12, 2, 10), (14, 8, 9)])\n    def test_sub(self, cal_demo, a, b, result):\n>       assert cal_demo.sub(a, b) == result\nE       assert 6 == 9\nE        +  where 6 = <bound method Calculator.sub of <pyCode.calc.Calculator object at 0x107082518>>(14, 8)\nE        +    where <bound method Calculator.sub of <pyCode.calc.Calculator object at 0x107082518>> = <pyCode.calc.Calculator object at 0x107082518>.sub\n\ntestcases/test_func.py:12: AssertionError",
  "flaky" : false,
  "newFailed" : false,
  "beforeStages" : [ {
    "name" : "cal_demo",
    "time" : {
      "start" : 1594353369405,
      "stop" : 1594353369405,
      "duration" : 0
    },
    "status" : "passed",
    "steps" : [ ],
    "attachments" : [ ],
    "parameters" : [ ],
    "stepsCount" : 0,
    "attachmentsCount" : 0,
    "shouldDisplayMessage" : false,
    "hasContent" : false
  }, {
    "name" : "fixture_func",
    "time" : {
      "start" : 1594353369404,
      "stop" : 1594353369405,
      "duration" : 1
    },
    "status" : "passed",
    "steps" : [ ],
    "attachments" : [ ],
    "parameters" : [ ],
    "stepsCount" : 0,
    "attachmentsCount" : 0,
    "shouldDisplayMessage" : false,
    "hasContent" : false
  } ],
  "testStage" : {
    "status" : "failed",
    "statusMessage" : "AssertionError: assert 6 == 9\n +  where 6 = <bound method Calculator.sub of <pyCode.calc.Calculator object at 0x107082518>>(14, 8)\n +    where <bound method Calculator.sub of <pyCode.calc.Calculator object at 0x107082518>> = <pyCode.calc.Calculator object at 0x107082518>.sub",
    "statusTrace" : "self = <testcases.test_func.Test_Pytest object at 0x107068d68>, cal_demo = <pyCode.calc.Calculator object at 0x107082518>, a = 14, b = 8, result = 9\n\n    @pytest.mark.parametrize('a,b,result', [(10, 1, 9), (12, 2, 10), (14, 8, 9)])\n    def test_sub(self, cal_demo, a, b, result):\n>       assert cal_demo.sub(a, b) == result\nE       assert 6 == 9\nE        +  where 6 = <bound method Calculator.sub of <pyCode.calc.Calculator object at 0x107082518>>(14, 8)\nE        +    where <bound method Calculator.sub of <pyCode.calc.Calculator object at 0x107082518>> = <pyCode.calc.Calculator object at 0x107082518>.sub\n\ntestcases/test_func.py:12: AssertionError",
    "steps" : [ ],
    "attachments" : [ {
      "uid" : "f7818fbcea8118cb",
      "name" : "stdout",
      "source" : "f7818fbcea8118cb.txt",
      "type" : "text/plain",
      "size" : 26
    } ],
    "parameters" : [ ],
    "stepsCount" : 0,
    "attachmentsCount" : 1,
    "shouldDisplayMessage" : true,
    "hasContent" : true
  },
  "afterStages" : [ {
    "name" : "fixture_func::0",
    "time" : {
      "start" : 1594353369411,
      "stop" : 1594353369411,
      "duration" : 0
    },
    "status" : "passed",
    "steps" : [ ],
    "attachments" : [ ],
    "parameters" : [ ],
    "stepsCount" : 0,
    "attachmentsCount" : 0,
    "shouldDisplayMessage" : false,
    "hasContent" : false
  } ],
  "labels" : [ {
    "name" : "parentSuite",
    "value" : "testcases"
  }, {
    "name" : "suite",
    "value" : "test_func"
  }, {
    "name" : "subSuite",
    "value" : "Test_Pytest"
  }, {
    "name" : "host",
    "value" : "bogon"
  }, {
    "name" : "thread",
    "value" : "46427-MainThread"
  }, {
    "name" : "framework",
    "value" : "pytest"
  }, {
    "name" : "language",
    "value" : "cpython3"
  }, {
    "name" : "package",
    "value" : "testcases.test_func"
  }, {
    "name" : "resultFormat",
    "value" : "allure2"
  } ],
  "parameters" : [ {
    "name" : "a",
    "value" : "14"
  }, {
    "name" : "b",
    "value" : "8"
  }, {
    "name" : "result",
    "value" : "9"
  } ],
  "links" : [ ],
  "hidden" : false,
  "retry" : false,
  "extra" : {
    "severity" : "normal",
    "retries" : [ ],
    "categories" : [ {
      "name" : "Product defects",
      "matchedStatuses" : [ ],
      "flaky" : false
    } ],
    "tags" : [ ]
  },
  "source" : "cbcc25f7214113cd.json",
  "parameterValues" : [ "14", "8", "9" ]
}