{
  "uid" : "f7f9014464c34f31",
  "name" : "test_add[4-8-9]",
  "fullName" : "testcases.test_func.Test_Pytest#test_add",
  "historyId" : "8cc8578512410beb269300d7f1700470",
  "time" : {
    "start" : 1594353369349,
    "stop" : 1594353369350,
    "duration" : 1
  },
  "status" : "failed",
  "statusMessage" : "AssertionError: assert 12 == 9\n +  where 12 = <bound method Calculator.add of <pyCode.calc.Calculator object at 0x107068e48>>(4, 8)\n +    where <bound method Calculator.add of <pyCode.calc.Calculator object at 0x107068e48>> = <pyCode.calc.Calculator object at 0x107068e48>.add",
  "statusTrace" : "self = <testcases.test_func.Test_Pytest object at 0x1070689e8>, cal_demo = <pyCode.calc.Calculator object at 0x107068e48>, a = 4, b = 8, result = 9\n\n    @pytest.mark.parametrize('a,b,result', [(1, 1, 2), (2, 2, 4), (4, 8, 9)])\n    def test_add(self, cal_demo, a, b, result):\n>       assert cal_demo.add(a, b) == result\nE       assert 12 == 9\nE        +  where 12 = <bound method Calculator.add of <pyCode.calc.Calculator object at 0x107068e48>>(4, 8)\nE        +    where <bound method Calculator.add of <pyCode.calc.Calculator object at 0x107068e48>> = <pyCode.calc.Calculator object at 0x107068e48>.add\n\ntestcases/test_func.py:8: AssertionError",
  "flaky" : false,
  "newFailed" : false,
  "beforeStages" : [ {
    "name" : "cal_demo",
    "time" : {
      "start" : 1594353369348,
      "stop" : 1594353369348,
      "duration" : 0
    },
    "status" : "passed",
    "steps" : [ ],
    "attachments" : [ ],
    "parameters" : [ ],
    "stepsCount" : 0,
    "attachmentsCount" : 0,
    "shouldDisplayMessage" : false,
    "hasContent" : false
  }, {
    "name" : "fixture_func",
    "time" : {
      "start" : 1594353369348,
      "stop" : 1594353369348,
      "duration" : 0
    },
    "status" : "passed",
    "steps" : [ ],
    "attachments" : [ ],
    "parameters" : [ ],
    "stepsCount" : 0,
    "attachmentsCount" : 0,
    "shouldDisplayMessage" : false,
    "hasContent" : false
  } ],
  "testStage" : {
    "status" : "failed",
    "statusMessage" : "AssertionError: assert 12 == 9\n +  where 12 = <bound method Calculator.add of <pyCode.calc.Calculator object at 0x107068e48>>(4, 8)\n +    where <bound method Calculator.add of <pyCode.calc.Calculator object at 0x107068e48>> = <pyCode.calc.Calculator object at 0x107068e48>.add",
    "statusTrace" : "self = <testcases.test_func.Test_Pytest object at 0x1070689e8>, cal_demo = <pyCode.calc.Calculator object at 0x107068e48>, a = 4, b = 8, result = 9\n\n    @pytest.mark.parametrize('a,b,result', [(1, 1, 2), (2, 2, 4), (4, 8, 9)])\n    def test_add(self, cal_demo, a, b, result):\n>       assert cal_demo.add(a, b) == result\nE       assert 12 == 9\nE        +  where 12 = <bound method Calculator.add of <pyCode.calc.Calculator object at 0x107068e48>>(4, 8)\nE        +    where <bound method Calculator.add of <pyCode.calc.Calculator object at 0x107068e48>> = <pyCode.calc.Calculator object at 0x107068e48>.add\n\ntestcases/test_func.py:8: AssertionError",
    "steps" : [ ],
    "attachments" : [ {
      "uid" : "137b77468e8fe4f9",
      "name" : "stdout",
      "source" : "137b77468e8fe4f9.txt",
      "type" : "text/plain",
      "size" : 26
    } ],
    "parameters" : [ ],
    "stepsCount" : 0,
    "attachmentsCount" : 1,
    "shouldDisplayMessage" : true,
    "hasContent" : true
  },
  "afterStages" : [ {
    "name" : "fixture_func::0",
    "time" : {
      "start" : 1594353369390,
      "stop" : 1594353369390,
      "duration" : 0
    },
    "status" : "passed",
    "steps" : [ ],
    "attachments" : [ ],
    "parameters" : [ ],
    "stepsCount" : 0,
    "attachmentsCount" : 0,
    "shouldDisplayMessage" : false,
    "hasContent" : false
  } ],
  "labels" : [ {
    "name" : "parentSuite",
    "value" : "testcases"
  }, {
    "name" : "suite",
    "value" : "test_func"
  }, {
    "name" : "subSuite",
    "value" : "Test_Pytest"
  }, {
    "name" : "host",
    "value" : "bogon"
  }, {
    "name" : "thread",
    "value" : "46427-MainThread"
  }, {
    "name" : "framework",
    "value" : "pytest"
  }, {
    "name" : "language",
    "value" : "cpython3"
  }, {
    "name" : "package",
    "value" : "testcases.test_func"
  }, {
    "name" : "resultFormat",
    "value" : "allure2"
  } ],
  "parameters" : [ {
    "name" : "a",
    "value" : "4"
  }, {
    "name" : "b",
    "value" : "8"
  }, {
    "name" : "result",
    "value" : "9"
  } ],
  "links" : [ ],
  "hidden" : true,
  "retry" : true,
  "extra" : {
    "categories" : [ ],
    "tags" : [ ]
  },
  "source" : "f7f9014464c34f31.json",
  "parameterValues" : [ "4", "8", "9" ]
}